<?xml version="1.0"?>
<!DOCTYPE coverage SYSTEM "http://cobertura.sourceforge.net/xml/coverage-04.dtd">

<coverage line-rate="0.7720588235294118" branch-rate="0.7142857142857143" lines-covered="105" lines-valid="136" branches-covered="10" branches-valid="14" complexity="1.4242424242424243" version="1.9.4.1" timestamp="1340270461777">
	<sources>
		<source>/home/administrador/workspace/KataPotter/src/main/java</source>
		<source>--source</source>
	</sources>
	<packages>
		<package name="org.antonio.katapotter" line-rate="0.7720588235294118" branch-rate="0.7142857142857143" complexity="1.4242424242424243">
			<classes>
				<class name="org.antonio.katapotter.CostCalculator" filename="org/antonio/katapotter/CostCalculator.java" line-rate="1.0" branch-rate="1.0" complexity="1.0">
					<methods>
					</methods>
					<lines>
					</lines>
				</class>
				<class name="org.antonio.katapotter.KataPotter" filename="org/antonio/katapotter/KataPotter.java" line-rate="1.0" branch-rate="1.0" complexity="1.1428571428571428">
					<methods>
						<method name="&lt;init&gt;" signature="()V" line-rate="1.0" branch-rate="1.0">
							<lines>
								<line number="11" hits="75" branch="false"/>
								<line number="12" hits="75" branch="false"/>
								<line number="13" hits="75" branch="false"/>
								<line number="14" hits="75" branch="false"/>
							</lines>
						</method>
						<method name="addToCart" signature="(Lorg/antonio/katapotter/KataPotter$book;I)V" line-rate="1.0" branch-rate="1.0">
							<lines>
								<line number="17" hits="200" branch="false"/>
								<line number="18" hits="200" branch="false"/>
								<line number="19" hits="200" branch="false"/>
							</lines>
						</method>
						<method name="addToCart" signature="([I)V" line-rate="1.0" branch-rate="1.0">
							<lines>
								<line number="22" hits="135" branch="true" condition-coverage="100% (2/2)">
									<conditions>
										<condition number="0" type="jump" coverage="100%"/>
									</conditions>
								</line>
								<line number="23" hits="105" branch="false"/>
								<line number="24" hits="105" branch="false"/>
								<line number="26" hits="15" branch="false"/>
							</lines>
						</method>
						<method name="generateOrder" signature="(Ljava/lang/String;Ljava/lang/String;)Lorg/antonio/katapotter/Order;" line-rate="1.0" branch-rate="1.0">
							<lines>
								<line number="42" hits="5" branch="false"/>
								<line number="43" hits="5" branch="false"/>
								<line number="44" hits="5" branch="false"/>
								<line number="45" hits="5" branch="false"/>
								<line number="46" hits="5" branch="false"/>
								<line number="47" hits="5" branch="false"/>
							</lines>
						</method>
						<method name="getBooksInCartArray" signature="()[I" line-rate="1.0" branch-rate="1.0">
							<lines>
								<line number="34" hits="10" branch="false"/>
							</lines>
						</method>
						<method name="getTotalCost" signature="()D" line-rate="1.0" branch-rate="1.0">
							<lines>
								<line number="29" hits="70" branch="false"/>
								<line number="30" hits="70" branch="false"/>
							</lines>
						</method>
						<method name="setCostCalulator" signature="(Lorg/antonio/katapotter/CostCalculator;)V" line-rate="1.0" branch-rate="1.0">
							<lines>
								<line number="38" hits="75" branch="false"/>
								<line number="39" hits="75" branch="false"/>
							</lines>
						</method>
					</methods>
					<lines>
						<line number="11" hits="75" branch="false"/>
						<line number="12" hits="75" branch="false"/>
						<line number="13" hits="75" branch="false"/>
						<line number="14" hits="75" branch="false"/>
						<line number="17" hits="200" branch="false"/>
						<line number="18" hits="200" branch="false"/>
						<line number="19" hits="200" branch="false"/>
						<line number="22" hits="135" branch="true" condition-coverage="100% (2/2)">
							<conditions>
								<condition number="0" type="jump" coverage="100%"/>
							</conditions>
						</line>
						<line number="23" hits="105" branch="false"/>
						<line number="24" hits="105" branch="false"/>
						<line number="26" hits="15" branch="false"/>
						<line number="29" hits="70" branch="false"/>
						<line number="30" hits="70" branch="false"/>
						<line number="34" hits="10" branch="false"/>
						<line number="38" hits="75" branch="false"/>
						<line number="39" hits="75" branch="false"/>
						<line number="42" hits="5" branch="false"/>
						<line number="43" hits="5" branch="false"/>
						<line number="44" hits="5" branch="false"/>
						<line number="45" hits="5" branch="false"/>
						<line number="46" hits="5" branch="false"/>
						<line number="47" hits="5" branch="false"/>
					</lines>
				</class>
				<class name="org.antonio.katapotter.KataPotter$book" filename="org/antonio/katapotter/KataPotter.java" line-rate="1.0" branch-rate="1.0" complexity="1.1428571428571428">
					<methods>
						<method name="&lt;clinit&gt;" signature="()V" line-rate="1.0" branch-rate="1.0">
							<lines>
								<line number="8" hits="5" branch="false"/>
							</lines>
						</method>
						<method name="&lt;init&gt;" signature="(Ljava/lang/String;I)V" line-rate="1.0" branch-rate="1.0">
							<lines>
								<line number="7" hits="40" branch="false"/>
							</lines>
						</method>
						<method name="valueOf" signature="(Ljava/lang/String;)Lorg/antonio/katapotter/KataPotter$book;" line-rate="1.0" branch-rate="1.0">
							<lines>
								<line number="1" hits="75" branch="false"/>
							</lines>
						</method>
						<method name="values" signature="()[Lorg/antonio/katapotter/KataPotter$book;" line-rate="1.0" branch-rate="1.0">
							<lines>
							</lines>
						</method>
					</methods>
					<lines>
						<line number="1" hits="75" branch="false"/>
						<line number="7" hits="40" branch="false"/>
						<line number="8" hits="5" branch="false"/>
					</lines>
				</class>
				<class name="org.antonio.katapotter.KataPotterCostCalculator" filename="org/antonio/katapotter/KataPotterCostCalculator.java" line-rate="1.0" branch-rate="1.0" complexity="1.5">
					<methods>
						<method name="&lt;init&gt;" signature="()V" line-rate="1.0" branch-rate="1.0">
							<lines>
								<line number="5" hits="150" branch="false"/>
								<line number="9" hits="75" branch="false"/>
							</lines>
						</method>
						<method name="getAccumulatedCost" signature="([II)D" line-rate="1.0" branch-rate="1.0">
							<lines>
								<line number="33" hits="72" branch="false"/>
								<line number="34" hits="72" branch="false"/>
								<line number="35" hits="90" branch="false"/>
								<line number="36" hits="90" branch="false"/>
								<line number="37" hits="90" branch="false"/>
								<line number="38" hits="18" branch="false"/>
								<line number="39" hits="18" branch="false"/>
							</lines>
						</method>
						<method name="getCopyOfOrderedElementsBuyed" signature="()[I" line-rate="1.0" branch-rate="1.0">
							<lines>
								<line number="27" hits="56" branch="false"/>
								<line number="28" hits="56" branch="false"/>
								<line number="29" hits="70" branch="false"/>
								<line number="30" hits="14" branch="false"/>
								<line number="31" hits="14" branch="false"/>
							</lines>
						</method>
						<method name="getCost" signature="()D" line-rate="1.0" branch-rate="1.0">
							<lines>
								<line number="16" hits="70" branch="false"/>
								<line number="17" hits="70" branch="false"/>
								<line number="18" hits="560" branch="true" condition-coverage="100% (2/2)">
									<conditions>
										<condition number="0" type="jump" coverage="100%"/>
									</conditions>
								</line>
								<line number="19" hits="490" branch="true" condition-coverage="100% (2/2)">
									<conditions>
										<condition number="0" type="jump" coverage="100%"/>
									</conditions>
								</line>
								<line number="20" hits="152" branch="false"/>
								<line number="21" hits="72" branch="false"/>
								<line number="22" hits="18" branch="false"/>
								<line number="23" hits="74" branch="false"/>
								<line number="25" hits="14" branch="false"/>
							</lines>
						</method>
						<method name="getDiscount" signature="(I)D" line-rate="1.0" branch-rate="1.0">
							<lines>
								<line number="42" hits="72" branch="false"/>
								<line number="44" hits="18" branch="false"/>
							</lines>
						</method>
						<method name="setElementsBuyed" signature="([I)V" line-rate="1.0" branch-rate="1.0">
							<lines>
								<line number="12" hits="70" branch="false"/>
								<line number="13" hits="70" branch="false"/>
							</lines>
						</method>
						<method name="substractQuantityOfElements" signature="([II)V" line-rate="1.0" branch-rate="1.0">
							<lines>
								<line number="46" hits="72" branch="false"/>
								<line number="47" hits="316" branch="true" condition-coverage="100% (2/2)">
									<conditions>
										<condition number="0" type="jump" coverage="100%"/>
									</conditions>
								</line>
								<line number="48" hits="262" branch="false"/>
								<line number="49" hits="151" branch="true" condition-coverage="100% (2/2)">
									<conditions>
										<condition number="0" type="jump" coverage="100%"/>
									</conditions>
								</line>
								<line number="50" hits="61" branch="false"/>
								<line number="52" hits="18" branch="false"/>
							</lines>
						</method>
					</methods>
					<lines>
						<line number="5" hits="150" branch="false"/>
						<line number="9" hits="75" branch="false"/>
						<line number="12" hits="70" branch="false"/>
						<line number="13" hits="70" branch="false"/>
						<line number="16" hits="70" branch="false"/>
						<line number="17" hits="70" branch="false"/>
						<line number="18" hits="560" branch="true" condition-coverage="100% (2/2)">
							<conditions>
								<condition number="0" type="jump" coverage="100%"/>
							</conditions>
						</line>
						<line number="19" hits="490" branch="true" condition-coverage="100% (2/2)">
							<conditions>
								<condition number="0" type="jump" coverage="100%"/>
							</conditions>
						</line>
						<line number="20" hits="152" branch="false"/>
						<line number="21" hits="72" branch="false"/>
						<line number="22" hits="18" branch="false"/>
						<line number="23" hits="74" branch="false"/>
						<line number="25" hits="14" branch="false"/>
						<line number="27" hits="56" branch="false"/>
						<line number="28" hits="56" branch="false"/>
						<line number="29" hits="70" branch="false"/>
						<line number="30" hits="14" branch="false"/>
						<line number="31" hits="14" branch="false"/>
						<line number="33" hits="72" branch="false"/>
						<line number="34" hits="72" branch="false"/>
						<line number="35" hits="90" branch="false"/>
						<line number="36" hits="90" branch="false"/>
						<line number="37" hits="90" branch="false"/>
						<line number="38" hits="18" branch="false"/>
						<line number="39" hits="18" branch="false"/>
						<line number="42" hits="72" branch="false"/>
						<line number="44" hits="18" branch="false"/>
						<line number="46" hits="72" branch="false"/>
						<line number="47" hits="316" branch="true" condition-coverage="100% (2/2)">
							<conditions>
								<condition number="0" type="jump" coverage="100%"/>
							</conditions>
						</line>
						<line number="48" hits="262" branch="false"/>
						<line number="49" hits="151" branch="true" condition-coverage="100% (2/2)">
							<conditions>
								<condition number="0" type="jump" coverage="100%"/>
							</conditions>
						</line>
						<line number="50" hits="61" branch="false"/>
						<line number="52" hits="18" branch="false"/>
					</lines>
				</class>
				<class name="org.antonio.katapotter.Order" filename="org/antonio/katapotter/Order.java" line-rate="0.8125" branch-rate="1.0" complexity="1.3333333333333333">
					<methods>
						<method name="&lt;init&gt;" signature="()V" line-rate="1.0" branch-rate="1.0">
							<lines>
								<line number="10" hits="8" branch="false"/>
								<line number="12" hits="64" branch="false"/>
								<line number="18" hits="37" branch="false"/>
							</lines>
						</method>
						<method name="getBookCopies" signature="()[I" line-rate="1.0" branch-rate="1.0">
							<lines>
								<line number="49" hits="29" branch="false"/>
							</lines>
						</method>
						<method name="getDirection" signature="()Ljava/lang/String;" line-rate="1.0" branch-rate="1.0">
							<lines>
								<line number="25" hits="29" branch="false"/>
							</lines>
						</method>
						<method name="getName" signature="()Ljava/lang/String;" line-rate="1.0" branch-rate="1.0">
							<lines>
								<line number="33" hits="29" branch="false"/>
							</lines>
						</method>
						<method name="getPrice" signature="()D" line-rate="1.0" branch-rate="1.0">
							<lines>
								<line number="41" hits="29" branch="false"/>
							</lines>
						</method>
						<method name="setBookCopies" signature="([I)V" line-rate="1.0" branch-rate="1.0">
							<lines>
								<line number="42" hits="5" branch="false"/>
								<line number="45" hits="26" branch="false"/>
								<line number="46" hits="20" branch="false"/>
							</lines>
						</method>
						<method name="setDirection" signature="(Ljava/lang/String;)V" line-rate="1.0" branch-rate="1.0">
							<lines>
								<line number="17" hits="5" branch="false"/>
								<line number="21" hits="26" branch="false"/>
								<line number="22" hits="20" branch="false"/>
							</lines>
						</method>
						<method name="setName" signature="(Ljava/lang/String;)V" line-rate="1.0" branch-rate="1.0">
							<lines>
								<line number="26" hits="5" branch="false"/>
								<line number="29" hits="26" branch="false"/>
								<line number="30" hits="20" branch="false"/>
							</lines>
						</method>
						<method name="setPrice" signature="(D)V" line-rate="1.0" branch-rate="1.0">
							<lines>
								<line number="34" hits="5" branch="false"/>
								<line number="37" hits="26" branch="false"/>
								<line number="38" hits="20" branch="false"/>
							</lines>
						</method>
						<method name="toJSON" signature="()Ljava/lang/String;" line-rate="0.5384615384615384" branch-rate="1.0">
							<lines>
								<line number="50" hits="5" branch="false"/>
								<line number="52" hits="5" branch="false"/>
								<line number="53" hits="20" branch="false"/>
								<line number="54" hits="20" branch="false"/>
								<line number="55" hits="0" branch="false"/>
								<line number="56" hits="20" branch="false"/>
								<line number="57" hits="0" branch="false"/>
								<line number="58" hits="0" branch="false"/>
								<line number="59" hits="0" branch="false"/>
								<line number="60" hits="5" branch="false"/>
								<line number="61" hits="0" branch="false"/>
								<line number="62" hits="0" branch="false"/>
								<line number="64" hits="20" branch="false"/>
							</lines>
						</method>
					</methods>
					<lines>
						<line number="10" hits="8" branch="false"/>
						<line number="12" hits="64" branch="false"/>
						<line number="17" hits="5" branch="false"/>
						<line number="18" hits="37" branch="false"/>
						<line number="21" hits="26" branch="false"/>
						<line number="22" hits="20" branch="false"/>
						<line number="25" hits="29" branch="false"/>
						<line number="26" hits="5" branch="false"/>
						<line number="29" hits="26" branch="false"/>
						<line number="30" hits="20" branch="false"/>
						<line number="33" hits="29" branch="false"/>
						<line number="34" hits="5" branch="false"/>
						<line number="37" hits="26" branch="false"/>
						<line number="38" hits="20" branch="false"/>
						<line number="41" hits="29" branch="false"/>
						<line number="42" hits="5" branch="false"/>
						<line number="45" hits="26" branch="false"/>
						<line number="46" hits="20" branch="false"/>
						<line number="49" hits="29" branch="false"/>
						<line number="50" hits="5" branch="false"/>
						<line number="52" hits="5" branch="false"/>
						<line number="53" hits="20" branch="false"/>
						<line number="54" hits="20" branch="false"/>
						<line number="55" hits="0" branch="false"/>
						<line number="56" hits="20" branch="false"/>
						<line number="57" hits="0" branch="false"/>
						<line number="58" hits="0" branch="false"/>
						<line number="59" hits="0" branch="false"/>
						<line number="60" hits="5" branch="false"/>
						<line number="61" hits="0" branch="false"/>
						<line number="62" hits="0" branch="false"/>
						<line number="64" hits="20" branch="false"/>
					</lines>
				</class>
				<class name="org.antonio.katapotter.OrderRepository" filename="org/antonio/katapotter/OrderRepository.java" line-rate="1.0" branch-rate="1.0" complexity="1.0">
					<methods>
					</methods>
					<lines>
					</lines>
				</class>
				<class name="org.antonio.katapotter.OrderRepositoryMongo" filename="org/antonio/katapotter/OrderRepositoryMongo.java" line-rate="0.45652173913043476" branch-rate="0.0" complexity="2.4">
					<methods>
						<method name="&lt;init&gt;" signature="()V" line-rate="0.7692307692307693" branch-rate="1.0">
							<lines>
								<line number="22" hits="5" branch="false"/>
								<line number="23" hits="20" branch="false"/>
								<line number="24" hits="5" branch="false"/>
								<line number="25" hits="25" branch="false"/>
								<line number="26" hits="5" branch="false"/>
								<line number="27" hits="20" branch="false"/>
								<line number="28" hits="20" branch="false"/>
								<line number="29" hits="20" branch="false"/>
								<line number="30" hits="0" branch="false"/>
								<line number="31" hits="0" branch="false"/>
								<line number="32" hits="5" branch="false"/>
								<line number="33" hits="0" branch="false"/>
								<line number="35" hits="20" branch="false"/>
							</lines>
						</method>
						<method name="clearRepository" signature="()V" line-rate="1.0" branch-rate="1.0">
							<lines>
								<line number="67" hits="4" branch="false"/>
								<line number="69" hits="16" branch="false"/>
								<line number="70" hits="18" branch="false"/>
							</lines>
						</method>
						<method name="getNumberOfOrders" signature="()J" line-rate="1.0" branch-rate="1.0">
							<lines>
								<line number="73" hits="8" branch="false"/>
							</lines>
						</method>
						<method name="retrieveAllOrders" signature="()Ljava/util/List;" line-rate="0.0" branch-rate="0.0">
							<lines>
								<line number="36" hits="0" branch="false"/>
								<line number="37" hits="0" branch="false"/>
								<line number="38" hits="0" branch="false"/>
								<line number="39" hits="0" branch="true" condition-coverage="0% (0/2)">
									<conditions>
										<condition number="0" type="jump" coverage="0%"/>
									</conditions>
								</line>
								<line number="40" hits="0" branch="false"/>
								<line number="41" hits="0" branch="false"/>
								<line number="42" hits="0" branch="true" condition-coverage="0% (0/2)">
									<conditions>
										<condition number="0" type="jump" coverage="0%"/>
									</conditions>
								</line>
								<line number="43" hits="0" branch="false"/>
								<line number="44" hits="0" branch="false"/>
								<line number="45" hits="0" branch="false"/>
								<line number="46" hits="0" branch="false"/>
								<line number="47" hits="0" branch="false"/>
								<line number="48" hits="0" branch="false"/>
								<line number="49" hits="0" branch="false"/>
								<line number="50" hits="0" branch="false"/>
								<line number="51" hits="0" branch="false"/>
								<line number="52" hits="0" branch="false"/>
								<line number="53" hits="0" branch="false"/>
								<line number="54" hits="0" branch="false"/>
								<line number="55" hits="0" branch="false"/>
								<line number="56" hits="0" branch="false"/>
								<line number="59" hits="0" branch="false"/>
							</lines>
						</method>
						<method name="saveOrder" signature="(Lorg/antonio/katapotter/Order;)V" line-rate="1.0" branch-rate="1.0">
							<lines>
								<line number="60" hits="4" branch="false"/>
								<line number="61" hits="4" branch="false"/>
								<line number="62" hits="4" branch="false"/>
								<line number="63" hits="20" branch="false"/>
								<line number="64" hits="16" branch="false"/>
								<line number="65" hits="16" branch="false"/>
								<line number="66" hits="20" branch="false"/>
							</lines>
						</method>
					</methods>
					<lines>
						<line number="22" hits="5" branch="false"/>
						<line number="23" hits="20" branch="false"/>
						<line number="24" hits="5" branch="false"/>
						<line number="25" hits="25" branch="false"/>
						<line number="26" hits="5" branch="false"/>
						<line number="27" hits="20" branch="false"/>
						<line number="28" hits="20" branch="false"/>
						<line number="29" hits="20" branch="false"/>
						<line number="30" hits="0" branch="false"/>
						<line number="31" hits="0" branch="false"/>
						<line number="32" hits="5" branch="false"/>
						<line number="33" hits="0" branch="false"/>
						<line number="35" hits="20" branch="false"/>
						<line number="36" hits="0" branch="false"/>
						<line number="37" hits="0" branch="false"/>
						<line number="38" hits="0" branch="false"/>
						<line number="39" hits="0" branch="true" condition-coverage="0% (0/2)">
							<conditions>
								<condition number="0" type="jump" coverage="0%"/>
							</conditions>
						</line>
						<line number="40" hits="0" branch="false"/>
						<line number="41" hits="0" branch="false"/>
						<line number="42" hits="0" branch="true" condition-coverage="0% (0/2)">
							<conditions>
								<condition number="0" type="jump" coverage="0%"/>
							</conditions>
						</line>
						<line number="43" hits="0" branch="false"/>
						<line number="44" hits="0" branch="false"/>
						<line number="45" hits="0" branch="false"/>
						<line number="46" hits="0" branch="false"/>
						<line number="47" hits="0" branch="false"/>
						<line number="48" hits="0" branch="false"/>
						<line number="49" hits="0" branch="false"/>
						<line number="50" hits="0" branch="false"/>
						<line number="51" hits="0" branch="false"/>
						<line number="52" hits="0" branch="false"/>
						<line number="53" hits="0" branch="false"/>
						<line number="54" hits="0" branch="false"/>
						<line number="55" hits="0" branch="false"/>
						<line number="56" hits="0" branch="false"/>
						<line number="59" hits="0" branch="false"/>
						<line number="60" hits="4" branch="false"/>
						<line number="61" hits="4" branch="false"/>
						<line number="62" hits="4" branch="false"/>
						<line number="63" hits="20" branch="false"/>
						<line number="64" hits="16" branch="false"/>
						<line number="65" hits="16" branch="false"/>
						<line number="66" hits="20" branch="false"/>
						<line number="67" hits="4" branch="false"/>
						<line number="69" hits="16" branch="false"/>
						<line number="70" hits="18" branch="false"/>
						<line number="73" hits="8" branch="false"/>
					</lines>
				</class>
			</classes>
		</package>
	</packages>
</coverage>
